\BOOKMARK [0][-]{dummy.1}{\376\377\000C\000o\000n\000t\000e\000n\000t\000s}{}% 1
\BOOKMARK [0][-]{chapter.3}{\376\377\0001\000\040\000I\000n\000t\000r\000o\000d\000u\000c\000t\000i\000o\000n}{}% 2
\BOOKMARK [0][-]{chapter.4}{\376\377\0002\000\040\000B\000a\000c\000k\000g\000r\000o\000u\000n\000d}{}% 3
\BOOKMARK [1][-]{section.5}{\376\377\0002\000.\0001\000\040\000M\000u\000s\000i\000c\000\040\000V\000i\000d\000e\000o\000\040\000G\000a\000m\000e\000s\000\040}{chapter.4}% 4
\BOOKMARK [2][-]{subsection.7}{\376\377\0002\000.\0001\000.\0001\000\040\000M\000u\000s\000i\000c\000\040\000M\000e\000m\000o\000r\000y\000\040\000G\000a\000m\000e\000s}{section.5}% 5
\BOOKMARK [2][-]{subsection.9}{\376\377\0002\000.\0001\000.\0002\000\040\000H\000y\000b\000r\000i\000d\000\040\000M\000u\000s\000i\000c\000\040\000G\000a\000m\000e\000s}{section.5}% 6
\BOOKMARK [2][-]{subsection.10}{\376\377\0002\000.\0001\000.\0003\000\040\000F\000r\000e\000e\000\040\000F\000o\000r\000m\000\040\000M\000u\000s\000i\000c\000\040\000G\000a\000m\000e\000s}{section.5}% 7
\BOOKMARK [1][-]{section.12}{\376\377\0002\000.\0002\000\040\000C\000a\000s\000e\000\040\000S\000t\000u\000d\000y\000\040\000-\000\040\000G\000u\000i\000t\000a\000r\000\040\000H\000e\000r\000o}{chapter.4}% 8
\BOOKMARK [2][-]{subsection.13}{\376\377\0002\000.\0002\000.\0001\000\040\000T\000h\000e\000\040\000C\000o\000n\000t\000r\000o\000l\000l\000e\000r}{section.12}% 9
\BOOKMARK [2][-]{subsection.14}{\376\377\0002\000.\0002\000.\0002\000\040\000T\000h\000e\000\040\000G\000a\000m\000e\000p\000l\000a\000y}{section.12}% 10
\BOOKMARK [2][-]{subsection.15}{\376\377\0002\000.\0002\000.\0003\000\040\000T\000h\000e\000\040\000C\000r\000i\000t\000i\000q\000u\000e}{section.12}% 11
\BOOKMARK [1][-]{section.16}{\376\377\0002\000.\0003\000\040\000I\000n\000t\000r\000o\000d\000u\000c\000t\000i\000o\000n\000\040\000t\000o\000\040\000M\000u\000s\000i\000c\000\040\000A\000n\000a\000l\000y\000s\000i\000s}{chapter.4}% 12
\BOOKMARK [2][-]{subsection.17}{\376\377\0002\000.\0003\000.\0001\000\040\000M\000e\000l\000o\000d\000y}{section.16}% 13
\BOOKMARK [2][-]{subsection.18}{\376\377\0002\000.\0003\000.\0002\000\040\000P\000o\000l\000y\000p\000h\000o\000n\000i\000c\000\040\000M\000u\000s\000i\000c}{section.16}% 14
\BOOKMARK [2][-]{subsection.19}{\376\377\0002\000.\0003\000.\0003\000\040\000P\000i\000t\000c\000h\000,\000\040\000T\000o\000n\000e\000s\000,\000\040\000F\000u\000n\000d\000a\000m\000e\000n\000t\000a\000l\000\040\000F\000r\000e\000q\000u\000e\000n\000c\000y}{section.16}% 15
\BOOKMARK [2][-]{subsection.20}{\376\377\0002\000.\0003\000.\0004\000\040\000F\000i\000l\000t\000e\000r}{section.16}% 16
\BOOKMARK [2][-]{subsection.21}{\376\377\0002\000.\0003\000.\0005\000\040\000S\000h\000o\000r\000t\000\040\000T\000i\000m\000e\000\040\000F\000o\000u\000r\000i\000e\000r\000\040\000T\000r\000a\000n\000s\000f\000o\000r\000m}{section.16}% 17
\BOOKMARK [1][-]{section.22}{\376\377\0002\000.\0004\000\040\000M\000a\000i\000n\000\040\000M\000e\000l\000o\000d\000y\000\040\000E\000x\000t\000r\000a\000c\000t\000i\000o\000n\000\040\000f\000r\000o\000m\000\040\000P\000o\000l\000y\000p\000h\000o\000n\000i\000c\000\040\000M\000u\000s\000i\000c}{chapter.4}% 18
\BOOKMARK [2][-]{subsection.23}{\376\377\0002\000.\0004\000.\0001\000\040\000S\000o\000u\000r\000c\000e\000\040\000S\000e\000p\000a\000r\000a\000t\000i\000o\000n\000\040\000B\000a\000s\000e\000d\000\040\000A\000p\000p\000r\000o\000a\000c\000h}{section.22}% 19
\BOOKMARK [2][-]{subsection.26}{\376\377\0002\000.\0004\000.\0002\000\040\000S\000a\000l\000i\000e\000n\000c\000e\000\040\000B\000a\000s\000e\000d\000\040\000A\000p\000p\000r\000o\000a\000c\000h\000e\000s}{section.22}% 20
\BOOKMARK [2][-]{subsection.32}{\376\377\0002\000.\0004\000.\0003\000\040\000C\000o\000m\000p\000a\000r\000i\000s\000o\000n\000\040\000o\000f\000\040\000b\000o\000t\000h\000\040\000a\000p\000p\000r\000o\000a\000c\000h\000e\000s}{section.22}% 21
\BOOKMARK [1][-]{section.34}{\376\377\0002\000.\0005\000\040\000M\000o\000o\000d\000\040\000D\000e\000t\000e\000c\000t\000i\000o\000n}{chapter.4}% 22
\BOOKMARK [1][-]{section.35}{\376\377\0002\000.\0006\000\040\000L\000e\000v\000e\000l\000\040\000G\000e\000n\000e\000r\000a\000t\000i\000o\000n}{chapter.4}% 23
\BOOKMARK [0][-]{chapter.36}{\376\377\0003\000\040\000P\000r\000o\000j\000e\000c\000t\000\040\000P\000l\000a\000n}{}% 24
\BOOKMARK [0][-]{chapter.37}{\376\377\0004\000\040\000E\000v\000a\000l\000u\000a\000t\000i\000o\000n}{}% 25
\BOOKMARK [1][-]{section.38}{\376\377\0004\000.\0001\000\040\000F\000o\000r\000m\000a\000t\000i\000v\000e}{chapter.37}% 26
\BOOKMARK [2][-]{subsection.39}{\376\377\0004\000.\0001\000.\0001\000\040\000S\000i\000n\000g\000l\000e\000-\000C\000o\000n\000d\000i\000t\000i\000o\000n\000\040\000S\000t\000u\000d\000y}{section.38}% 27
\BOOKMARK [1][-]{section.40}{\376\377\0004\000.\0002\000\040\000S\000u\000m\000m\000a\000t\000i\000v\000e}{chapter.37}% 28
\BOOKMARK [2][-]{subsection.41}{\376\377\0004\000.\0002\000.\0001\000\040\000C\000o\000m\000p\000a\000r\000i\000s\000o\000n\000\040\000t\000o\000\040\000O\000r\000i\000g\000i\000n\000a\000l\000\040\000S\000o\000n\000g\000s}{section.40}% 29
\BOOKMARK [2][-]{subsection.42}{\376\377\0004\000.\0002\000.\0002\000\040\000M\000e\000l\000o\000d\000y\000\040\000E\000x\000t\000r\000a\000c\000t\000i\000o\000n\000\040\000T\000e\000s\000t\000i\000n\000g}{section.40}% 30
\BOOKMARK [2][-]{subsection.43}{\376\377\0004\000.\0002\000.\0003\000\040\000Q\000u\000e\000s\000t\000i\000o\000n\000n\000a\000i\000r\000e\000s}{section.40}% 31
